SF:lib\data\datasources\movie_local_data_source.dart
DA:15,1
DA:18,1
DA:20,3
DA:23,2
DA:28,1
DA:30,3
DA:33,2
DA:38,1
DA:39,3
DA:41,1
DA:48,1
DA:49,3
DA:50,4
LF:13
LH:13
end_of_record
SF:lib\data\models\movies\movie_table.dart
DA:11,2
DA:18,2
DA:19,1
DA:20,1
DA:21,1
DA:22,1
DA:25,2
DA:26,1
DA:27,1
DA:28,1
DA:29,1
DA:32,0
DA:33,0
DA:34,0
DA:35,0
DA:36,0
DA:39,2
DA:40,1
DA:41,1
DA:42,1
DA:43,1
DA:46,2
DA:48,10
LF:23
LH:18
end_of_record
SF:lib\domain\entities\genre.dart
DA:4,15
DA:12,5
DA:13,15
LF:3
LH:3
end_of_record
SF:lib\domain\entities\movies\movie.dart
DA:4,12
DA:20,1
DA:41,7
DA:42,7
DA:43,7
DA:44,7
DA:45,7
DA:46,7
DA:47,7
DA:48,7
DA:49,7
DA:50,7
DA:51,7
DA:52,7
DA:53,7
DA:54,7
DA:55,7
LF:17
LH:17
end_of_record
SF:lib\domain\entities\movies\movie_detail.dart
DA:5,7
DA:33,2
DA:34,2
DA:35,2
DA:36,2
DA:37,2
DA:38,2
DA:39,2
DA:40,2
DA:41,2
DA:42,2
DA:43,2
DA:44,2
DA:45,2
LF:14
LH:14
end_of_record
SF:lib\data\models\tv\tv_table.dart
DA:12,2
DA:19,2
DA:20,1
DA:21,1
DA:22,1
DA:23,1
DA:26,2
DA:27,1
DA:28,1
DA:29,1
DA:30,1
DA:33,0
DA:34,0
DA:35,0
DA:36,0
DA:37,0
DA:40,0
DA:41,0
DA:42,0
DA:43,0
DA:44,0
DA:47,2
DA:48,1
DA:49,1
DA:50,1
DA:51,1
DA:54,2
DA:55,2
DA:56,2
DA:57,2
DA:58,2
DA:59,2
LF:32
LH:22
end_of_record
SF:lib\domain\entities\tv\tv.dart
DA:4,12
DA:36,1
DA:43,7
DA:44,7
DA:45,7
DA:46,7
DA:47,7
DA:48,7
DA:49,7
DA:50,7
DA:51,7
DA:52,7
DA:53,7
DA:54,7
DA:55,7
DA:56,7
DA:57,7
DA:58,7
LF:18
LH:18
end_of_record
SF:lib\domain\entities\tv\tv_detail.dart
DA:6,7
DA:38,2
DA:39,2
DA:40,2
DA:41,2
DA:42,2
DA:43,2
DA:44,2
DA:45,2
DA:46,2
DA:47,2
DA:48,2
DA:49,2
DA:50,2
DA:51,2
DA:52,2
DA:53,2
LF:17
LH:17
end_of_record
SF:lib\domain\entities\tv\tv_seasons.dart
DA:4,7
DA:22,2
DA:23,2
DA:24,2
DA:25,2
DA:26,2
DA:27,2
DA:28,2
DA:29,2
DA:30,2
LF:10
LH:10
end_of_record
SF:lib\domain\entities\tv\tv_seasons_detail.dart
DA:5,0
DA:25,0
DA:26,0
DA:27,0
DA:28,0
DA:29,0
DA:30,0
DA:31,0
DA:32,0
DA:33,0
DA:34,0
LF:11
LH:0
end_of_record
SF:lib\data\datasources\db\database_helper.dart
DA:9,0
DA:13,0
DA:17,0
DA:19,0
DA:27,0
DA:28,0
DA:29,0
DA:31,0
DA:35,0
DA:36,0
DA:43,0
DA:45,0
DA:52,0
DA:55,0
DA:56,0
DA:57,0
DA:60,0
DA:61,0
DA:62,0
DA:65,0
DA:69,0
DA:70,0
DA:71,0
DA:74,0
DA:75,0
DA:76,0
DA:79,0
DA:83,0
DA:84,0
DA:85,0
DA:88,0
DA:91,0
DA:92,0
DA:98,0
DA:99,0
DA:100,0
DA:103,0
DA:106,0
DA:107,0
DA:113,0
DA:114,0
DA:115,0
DA:120,0
DA:121,0
DA:122,0
LF:45
LH:0
end_of_record
SF:lib\data\datasources\movie_remote_data_source.dart
DA:21,1
DA:24,1
DA:26,5
DA:28,2
DA:29,4
DA:31,1
DA:36,1
DA:38,5
DA:40,2
DA:41,3
DA:43,1
DA:48,1
DA:49,2
DA:50,3
DA:52,2
DA:53,4
DA:55,1
DA:60,1
DA:62,5
DA:64,2
DA:65,4
DA:67,1
DA:72,1
DA:74,5
DA:76,2
DA:77,4
DA:79,1
DA:84,1
DA:85,2
DA:86,3
DA:88,2
DA:89,4
DA:91,1
LF:33
LH:33
end_of_record
SF:lib\data\models\movies\movie_detail_model.dart
DA:6,2
DA:52,1
DA:53,1
DA:54,1
DA:55,1
DA:56,1
DA:57,1
DA:58,4
DA:59,1
DA:60,1
DA:61,1
DA:62,1
DA:63,1
DA:64,1
DA:65,2
DA:66,1
DA:67,1
DA:68,1
DA:69,1
DA:70,1
DA:71,1
DA:72,1
DA:73,1
DA:74,2
DA:75,1
DA:78,0
DA:79,0
DA:80,0
DA:81,0
DA:82,0
DA:83,0
DA:84,0
DA:85,0
DA:86,0
DA:87,0
DA:88,0
DA:89,0
DA:90,0
DA:91,0
DA:92,0
DA:93,0
DA:94,0
DA:95,0
DA:96,0
DA:97,0
DA:98,0
DA:99,0
DA:102,1
DA:103,1
DA:104,1
DA:105,1
DA:106,5
DA:107,1
DA:108,1
DA:109,1
DA:110,1
DA:111,1
DA:112,1
DA:113,1
DA:114,1
DA:115,1
DA:119,1
DA:121,1
DA:122,1
DA:123,1
DA:124,1
DA:125,1
DA:126,1
DA:127,1
DA:128,1
DA:129,1
DA:130,1
DA:131,1
DA:132,1
DA:133,1
DA:134,1
DA:135,1
DA:136,1
DA:137,1
DA:138,1
DA:139,1
DA:140,1
DA:141,1
DA:142,1
LF:84
LH:62
end_of_record
SF:lib\data\models\movies\movie_model.dart
DA:5,4
DA:35,4
DA:36,2
DA:37,2
DA:38,8
DA:39,2
DA:40,2
DA:41,2
DA:42,4
DA:43,2
DA:44,2
DA:45,2
DA:46,2
DA:47,4
DA:48,2
DA:51,2
DA:52,1
DA:53,1
DA:54,4
DA:55,1
DA:56,1
DA:57,1
DA:58,1
DA:59,1
DA:60,1
DA:61,1
DA:62,1
DA:63,1
DA:64,1
DA:67,2
DA:68,2
DA:69,2
DA:70,2
DA:71,2
DA:72,2
DA:73,2
DA:74,2
DA:75,2
DA:76,2
DA:77,2
DA:78,2
DA:79,2
DA:80,2
DA:81,2
DA:85,2
DA:86,2
DA:87,2
DA:88,2
DA:89,2
DA:90,2
DA:91,2
DA:92,2
DA:93,2
DA:94,2
DA:95,2
DA:96,2
DA:97,2
DA:98,2
DA:99,2
LF:59
LH:59
end_of_record
SF:lib\utils\exception.dart
DA:6,4
LF:1
LH:1
end_of_record
SF:lib\utils\failure.dart
DA:6,14
DA:8,2
DA:9,4
DA:13,24
DA:17,4
DA:21,8
LF:6
LH:6
end_of_record
SF:lib\utils\routes.dart
DA:19,0
LF:1
LH:0
end_of_record
SF:lib\utils\state_enum.dart
DA:1,52
LF:1
LH:1
end_of_record
SF:lib\styles\text_styles.dart
DA:5,4
DA:6,2
DA:7,6
DA:9,6
DA:11,6
DA:15,6
DA:16,2
DA:17,2
DA:18,2
DA:19,2
LF:10
LH:10
end_of_record
SF:lib\data\models\movies\movie_response.dart
DA:7,2
DA:9,4
DA:10,4
DA:11,6
DA:12,6
DA:15,2
DA:16,5
DA:19,1
DA:20,2
LF:9
LH:9
end_of_record
SF:lib\data\models\genre_model.dart
DA:5,7
DA:13,6
DA:14,3
DA:15,3
DA:18,2
DA:19,1
DA:20,1
DA:23,3
DA:24,9
DA:27,3
DA:28,9
LF:11
LH:11
end_of_record
SF:lib\data\models\tv\tv_model.dart
DA:5,4
DA:37,4
DA:38,2
DA:39,2
DA:40,8
DA:41,2
DA:42,2
DA:43,2
DA:44,2
DA:45,2
DA:46,2
DA:47,4
DA:48,2
DA:49,2
DA:50,4
DA:51,2
DA:54,2
DA:55,1
DA:56,1
DA:57,4
DA:58,1
DA:59,1
DA:60,1
DA:61,1
DA:62,1
DA:63,1
DA:64,1
DA:65,1
DA:66,1
DA:67,1
DA:68,1
DA:71,2
DA:72,2
DA:73,2
DA:74,2
DA:75,2
DA:76,2
DA:77,2
DA:78,2
DA:79,2
DA:80,2
DA:81,2
DA:82,2
DA:83,2
DA:84,2
DA:85,2
DA:86,2
DA:90,2
DA:91,2
DA:92,2
DA:93,2
DA:94,2
DA:95,2
DA:96,2
DA:97,2
DA:98,2
DA:99,2
DA:100,2
DA:101,2
DA:102,2
DA:103,2
DA:104,2
DA:105,2
LF:63
LH:63
end_of_record
SF:lib\domain\entities\tv\episode.dart
DA:4,0
DA:26,0
DA:27,0
DA:28,0
DA:29,0
DA:30,0
DA:31,0
DA:32,0
DA:33,0
DA:34,0
DA:35,0
DA:36,0
LF:12
LH:0
end_of_record
SF:lib\data\datasources\tv_local_data_source.dart
DA:15,1
DA:18,1
DA:19,3
DA:21,1
DA:28,1
DA:29,3
DA:30,4
DA:34,1
DA:36,3
DA:39,2
DA:44,1
DA:46,3
DA:49,2
LF:13
LH:13
end_of_record
SF:lib\data\datasources\tv_remote_data_source.dart
DA:23,1
DA:28,1
DA:30,5
DA:32,2
DA:33,4
DA:35,1
DA:40,1
DA:42,6
DA:44,2
DA:45,4
DA:47,1
DA:52,1
DA:54,5
DA:56,2
DA:57,4
DA:59,1
DA:64,1
DA:65,5
DA:67,2
DA:68,3
DA:70,1
DA:75,1
DA:76,2
DA:77,3
DA:79,2
DA:80,4
DA:82,1
DA:87,1
DA:88,2
DA:89,3
DA:91,2
DA:92,4
DA:94,1
DA:99,0
DA:100,0
DA:101,0
DA:103,0
DA:104,0
DA:106,0
LF:39
LH:33
end_of_record
SF:lib\data\models\tv\tv_detail_model.dart
DA:7,2
DA:39,1
DA:40,1
DA:41,4
DA:42,1
DA:43,1
DA:44,4
DA:45,1
DA:46,1
DA:47,1
DA:48,1
DA:49,1
DA:50,2
DA:51,1
DA:52,1
DA:53,4
DA:54,1
DA:55,2
DA:56,1
DA:59,0
DA:60,0
DA:61,0
DA:62,0
DA:63,0
DA:64,0
DA:65,0
DA:66,0
DA:67,0
DA:68,0
DA:69,0
DA:70,0
DA:71,0
DA:72,0
DA:73,0
DA:76,1
DA:77,1
DA:78,1
DA:79,1
DA:80,5
DA:81,1
DA:82,1
DA:83,1
DA:84,1
DA:85,1
DA:86,1
DA:87,1
DA:88,5
DA:89,1
DA:90,1
DA:91,1
DA:95,1
DA:96,1
DA:97,1
DA:98,1
DA:99,1
DA:100,1
DA:101,1
DA:102,1
DA:103,1
DA:104,1
DA:105,1
DA:106,1
DA:107,1
DA:108,1
DA:109,1
DA:110,1
LF:66
LH:51
end_of_record
SF:lib\data\models\tv\seasons_detail_model.dart
DA:6,0
DA:26,0
DA:27,0
DA:28,0
DA:29,0
DA:30,0
DA:31,0
DA:32,0
DA:33,0
DA:34,0
DA:35,0
DA:36,0
DA:39,0
DA:40,0
DA:42,0
DA:43,0
DA:44,0
DA:45,0
DA:46,0
DA:47,0
DA:48,0
DA:51,0
DA:52,0
DA:53,0
DA:54,0
DA:55,0
DA:56,0
DA:57,0
DA:58,0
DA:59,0
DA:60,0
DA:64,0
DA:65,0
DA:66,0
DA:67,0
DA:68,0
DA:69,0
DA:70,0
DA:71,0
DA:72,0
DA:73,0
LF:41
LH:0
end_of_record
SF:lib\data\models\tv\tv_response.dart
DA:7,2
DA:9,4
DA:10,4
DA:11,6
DA:12,6
DA:15,2
DA:16,1
DA:17,2
DA:18,2
DA:23,1
DA:24,2
LF:11
LH:11
end_of_record
SF:lib\data\models\tv\episode_model.dart
DA:5,0
DA:27,0
DA:28,0
DA:29,0
DA:30,0
DA:31,0
DA:32,0
DA:33,0
DA:34,0
DA:35,0
DA:36,0
DA:39,0
DA:41,0
DA:42,0
DA:43,0
DA:44,0
DA:45,0
DA:46,0
DA:47,0
DA:48,0
DA:49,0
DA:52,0
DA:53,0
DA:54,0
DA:55,0
DA:56,0
DA:57,0
DA:58,0
DA:59,0
DA:60,0
DA:61,0
DA:62,0
DA:66,0
DA:67,0
DA:68,0
DA:69,0
DA:70,0
DA:71,0
DA:72,0
DA:73,0
DA:74,0
DA:75,0
DA:76,0
LF:43
LH:0
end_of_record
SF:lib\data\models\tv\seasons_model.dart
DA:5,2
DA:23,2
DA:24,1
DA:25,1
DA:26,1
DA:27,1
DA:28,1
DA:29,1
DA:30,1
DA:33,0
DA:34,0
DA:35,0
DA:36,0
DA:37,0
DA:38,0
DA:39,0
DA:40,0
DA:43,1
DA:44,1
DA:45,1
DA:46,1
DA:47,1
DA:48,1
DA:49,1
DA:50,1
DA:51,1
DA:55,1
DA:56,1
DA:57,1
DA:58,1
DA:59,1
DA:60,1
DA:61,1
DA:62,1
DA:63,1
LF:35
LH:27
end_of_record
SF:lib\data\repositories\movie_repository_impl.dart
DA:16,1
DA:22,1
DA:24,3
DA:25,5
DA:26,1
DA:27,2
DA:28,1
DA:29,2
DA:34,1
DA:36,3
DA:37,2
DA:38,1
DA:39,2
DA:40,1
DA:41,2
DA:46,1
DA:48,3
DA:49,3
DA:50,1
DA:51,2
DA:52,1
DA:53,2
DA:58,1
DA:60,3
DA:61,5
DA:62,1
DA:63,2
DA:64,1
DA:65,2
DA:70,1
DA:72,3
DA:73,5
DA:74,1
DA:75,2
DA:76,1
DA:77,2
DA:82,1
DA:84,3
DA:85,5
DA:86,1
DA:87,2
DA:88,1
DA:89,2
DA:94,1
DA:97,4
DA:98,1
DA:99,1
DA:100,3
DA:107,1
DA:110,4
DA:111,1
DA:112,1
DA:113,3
DA:118,1
DA:119,3
DA:124,1
DA:125,3
DA:126,5
LF:58
LH:58
end_of_record
SF:lib\data\repositories\tv_repository_impl.dart
DA:17,1
DA:23,1
DA:25,3
DA:26,5
DA:27,1
DA:28,2
DA:29,1
DA:30,2
DA:35,1
DA:37,3
DA:38,2
DA:39,1
DA:40,2
DA:41,1
DA:42,2
DA:47,1
DA:49,3
DA:50,3
DA:51,1
DA:52,2
DA:53,1
DA:54,2
DA:59,1
DA:61,3
DA:62,5
DA:63,1
DA:64,2
DA:65,1
DA:66,2
DA:71,1
DA:73,3
DA:74,5
DA:75,1
DA:76,2
DA:77,1
DA:78,2
DA:83,1
DA:85,3
DA:86,5
DA:87,1
DA:88,2
DA:89,1
DA:90,2
DA:95,1
DA:98,4
DA:99,1
DA:100,1
DA:101,3
DA:108,1
DA:111,4
DA:112,1
DA:113,1
DA:114,3
DA:119,1
DA:120,3
DA:125,1
DA:126,3
DA:127,5
DA:131,0
DA:134,0
DA:135,0
DA:136,0
DA:137,0
DA:138,0
DA:139,0
LF:65
LH:58
end_of_record
SF:lib\domain\usecases\movies\get_movie_detail.dart
DA:9,1
DA:11,1
DA:12,2
LF:3
LH:3
end_of_record
SF:lib\domain\usecases\movies\get_movie_recommendations.dart
DA:9,1
DA:11,1
DA:12,2
LF:3
LH:3
end_of_record
SF:lib\domain\usecases\movies\get_watchlist_status.dart
DA:6,1
DA:8,1
DA:9,2
LF:3
LH:3
end_of_record
SF:lib\domain\usecases\movies\remove_watchlist.dart
DA:9,1
DA:11,1
DA:12,2
LF:3
LH:3
end_of_record
SF:lib\domain\usecases\movies\save_watchlist.dart
DA:9,1
DA:11,1
DA:12,2
LF:3
LH:3
end_of_record
SF:lib\presentation\bloc\movies\movie_detail_state.dart
DA:6,1
DA:7,1
DA:11,1
DA:12,1
DA:17,2
DA:19,1
DA:20,2
DA:26,2
DA:28,1
DA:29,3
LF:10
LH:10
end_of_record
SF:lib\presentation\bloc\movies\movie_detail_event.dart
DA:7,2
DA:9,1
DA:10,2
LF:3
LH:3
end_of_record
SF:lib\presentation\bloc\movies\movie_detail_bloc.dart
DA:15,1
DA:18,2
DA:19,2
DA:22,1
DA:24,2
DA:25,4
DA:27,4
DA:28,5
DA:29,1
DA:30,2
DA:31,1
DA:32,4
DA:33,2
DA:34,1
LF:14
LH:14
end_of_record
SF:lib\presentation\bloc\movies\watchlist_movie_modify_event.dart
DA:7,1
DA:9,1
DA:10,2
DA:15,1
DA:17,1
DA:18,2
LF:6
LH:6
end_of_record
SF:lib\presentation\bloc\movies\watchlist_movie_modify_bloc.dart
DA:15,1
DA:18,2
DA:19,2
DA:20,2
DA:23,1
DA:25,2
DA:26,4
DA:28,1
DA:29,4
DA:30,3
DA:34,1
DA:36,2
DA:37,4
DA:39,1
DA:40,4
DA:41,3
LF:16
LH:16
end_of_record
SF:lib\presentation\bloc\movies\watchlist_movie_modify_state.dart
DA:6,1
DA:7,1
DA:11,1
DA:12,1
DA:17,2
DA:19,1
DA:20,2
DA:25,2
DA:27,1
DA:28,2
DA:33,2
DA:35,1
DA:36,2
LF:13
LH:13
end_of_record
SF:lib\presentation\bloc\movies\watchlist_movie_status_state.dart
DA:6,1
DA:7,1
DA:13,2
DA:15,1
DA:16,2
LF:5
LH:5
end_of_record
SF:lib\presentation\bloc\movies\watchlist_movie_status_bloc.dart
DA:12,1
DA:14,2
DA:15,2
DA:18,1
DA:20,4
DA:21,2
LF:6
LH:6
end_of_record
SF:lib\presentation\bloc\movies\watchlist_movie_status_event.dart
DA:7,2
DA:9,1
DA:10,2
LF:3
LH:3
end_of_record
SF:lib\presentation\pages\movies\movie_detail_page.dart
DA:15,1
DA:17,1
DA:18,1
DA:22,1
DA:24,1
DA:25,2
DA:26,2
DA:27,4
DA:28,2
DA:29,4
DA:33,1
DA:35,1
DA:36,0
DA:37,0
DA:38,0
DA:39,0
DA:40,0
DA:41,0
DA:42,0
DA:43,0
DA:44,0
DA:45,0
DA:46,0
DA:47,0
DA:48,0
DA:50,0
DA:51,0
DA:56,1
DA:57,1
DA:58,1
DA:59,1
DA:60,1
DA:61,2
DA:62,1
DA:63,1
DA:64,3
DA:65,1
DA:66,2
DA:84,1
DA:86,1
DA:88,3
DA:89,1
DA:90,1
DA:91,1
DA:92,3
DA:94,1
DA:97,0
DA:99,1
DA:101,1
DA:102,1
DA:103,1
DA:113,1
DA:114,1
DA:115,1
DA:117,1
DA:119,1
DA:121,1
DA:122,1
DA:123,2
DA:124,1
DA:126,1
DA:127,0
DA:128,0
DA:130,0
DA:131,0
DA:133,0
DA:134,0
DA:137,0
DA:138,0
DA:140,0
DA:141,0
DA:144,1
DA:146,1
DA:147,1
DA:154,1
DA:155,3
DA:157,1
DA:158,3
DA:160,1
DA:161,1
DA:162,1
DA:163,3
DA:165,1
DA:171,4
DA:174,1
DA:175,1
DA:177,1
DA:179,1
DA:180,2
DA:182,1
DA:183,2
DA:184,1
DA:186,1
DA:188,0
DA:189,1
DA:191,1
DA:193,1
DA:194,2
DA:195,1
DA:197,1
DA:198,0
DA:199,0
DA:202,0
DA:205,1
DA:209,1
DA:210,1
DA:211,2
DA:212,1
DA:216,0
DA:217,0
DA:223,2
DA:230,1
DA:232,1
DA:247,1
DA:249,1
DA:252,1
DA:253,1
DA:254,0
DA:255,0
DA:264,1
DA:266,2
DA:267,3
DA:270,1
DA:274,3
DA:277,1
DA:278,1
DA:279,1
DA:281,1
DA:282,1
DA:284,0
LF:130
LH:95
end_of_record
SF:lib\domain\usecases\movies\get_now_playing_movies.dart
DA:9,1
DA:11,1
DA:12,2
LF:3
LH:3
end_of_record
SF:lib\domain\usecases\movies\get_popular_movies.dart
DA:9,1
DA:11,1
DA:12,2
LF:3
LH:3
end_of_record
SF:lib\domain\usecases\movies\get_top_rated_movies.dart
DA:9,1
DA:11,1
DA:12,2
LF:3
LH:3
end_of_record
SF:lib\domain\usecases\movies\get_watchlist_movies.dart
DA:9,1
DA:11,1
DA:12,2
LF:3
LH:3
end_of_record
SF:lib\domain\usecases\tv\get_now_playing_tvs.dart
DA:9,1
DA:11,1
DA:12,2
LF:3
LH:3
end_of_record
SF:lib\domain\usecases\tv\get_popular_tvs.dart
DA:9,1
DA:11,1
DA:12,2
LF:3
LH:3
end_of_record
SF:lib\domain\usecases\tv\get_top_rated_tvs.dart
DA:9,1
DA:11,1
DA:12,2
LF:3
LH:3
end_of_record
SF:lib\domain\usecases\tv\get_tv_detail.dart
DA:9,1
DA:11,1
DA:12,2
LF:3
LH:3
end_of_record
SF:lib\domain\usecases\tv\get_tv_recommendation.dart
DA:9,1
DA:11,1
DA:12,2
LF:3
LH:3
end_of_record
SF:lib\domain\usecases\tv\get_watchlist_status_tv.dart
DA:6,1
DA:8,1
DA:9,2
LF:3
LH:3
end_of_record
SF:lib\domain\usecases\tv\get_watchlist_tvs.dart
DA:9,1
DA:11,1
DA:12,2
LF:3
LH:3
end_of_record
SF:lib\domain\usecases\tv\remove_watchlist_tvs.dart
DA:9,1
DA:11,1
DA:12,2
LF:3
LH:3
end_of_record
SF:lib\domain\usecases\tv\save_watchlist_tv.dart
DA:9,1
DA:11,1
DA:12,2
LF:3
LH:3
end_of_record
SF:lib\presentation\bloc\movies\now_playing_movie_state.dart
DA:6,1
DA:7,1
DA:11,1
DA:12,1
DA:17,1
DA:19,1
DA:20,2
DA:25,1
DA:27,1
DA:28,2
LF:10
LH:10
end_of_record
SF:lib\presentation\bloc\movies\now_playing_movie_event.dart
DA:6,1
DA:7,1
LF:2
LH:2
end_of_record
SF:lib\presentation\bloc\movies\now_playing_movie_bloc.dart
DA:13,1
DA:15,2
DA:16,2
DA:19,1
DA:21,2
DA:22,3
DA:23,1
DA:24,4
DA:25,3
LF:9
LH:9
end_of_record
SF:lib\presentation\bloc\movies\popular_movie_state.dart
DA:6,1
DA:7,1
DA:11,1
DA:12,1
DA:17,2
DA:19,1
DA:20,2
DA:25,2
DA:27,1
DA:28,2
LF:10
LH:10
end_of_record
SF:lib\presentation\bloc\movies\popular_movie_bloc.dart
DA:12,1
DA:14,2
DA:15,2
DA:18,1
DA:20,2
DA:21,3
DA:22,1
DA:23,4
DA:24,3
LF:9
LH:9
end_of_record
SF:lib\presentation\bloc\movies\popular_movie_event.dart
DA:6,1
DA:7,1
LF:2
LH:2
end_of_record
SF:lib\presentation\bloc\movies\top_rated_movie_bloc.dart
DA:13,1
DA:15,2
DA:16,2
DA:19,1
DA:21,2
DA:22,3
DA:23,1
DA:24,4
DA:25,3
LF:9
LH:9
end_of_record
SF:lib\presentation\bloc\movies\top_rated_movie_event.dart
DA:6,1
DA:7,1
LF:2
LH:2
end_of_record
SF:lib\presentation\bloc\movies\top_rated_movie_state.dart
DA:6,1
DA:7,1
DA:11,1
DA:12,1
DA:17,2
DA:19,1
DA:20,2
DA:25,2
DA:27,1
DA:28,2
LF:10
LH:10
end_of_record
SF:lib\presentation\bloc\movies\watchlist_movie_bloc.dart
DA:13,1
DA:15,2
DA:16,2
DA:19,1
DA:21,2
DA:22,3
DA:23,1
DA:24,4
DA:25,2
DA:26,2
DA:27,0
LF:11
LH:10
end_of_record
SF:lib\presentation\bloc\movies\watchlist_movie_state.dart
DA:6,1
DA:7,1
DA:11,1
DA:12,1
DA:17,2
DA:19,1
DA:20,2
DA:25,2
DA:27,1
DA:28,2
LF:10
LH:10
end_of_record
SF:lib\presentation\bloc\movies\watchlist_movie_event.dart
DA:6,1
DA:7,1
LF:2
LH:2
end_of_record
SF:lib\presentation\bloc\tv\now_playing_tv_state.dart
DA:6,1
DA:7,1
DA:11,1
DA:12,1
DA:17,1
DA:19,1
DA:20,2
DA:25,1
DA:27,1
DA:28,2
LF:10
LH:10
end_of_record
SF:lib\presentation\bloc\tv\now_playing_tv_event.dart
DA:6,1
DA:7,1
LF:2
LH:2
end_of_record
SF:lib\presentation\bloc\tv\now_playing_tv_bloc.dart
DA:12,1
DA:14,2
DA:15,2
DA:18,1
DA:20,2
DA:21,3
DA:22,1
DA:23,4
DA:24,3
LF:9
LH:9
end_of_record
SF:lib\presentation\bloc\tv\popular_tv_state.dart
DA:6,1
DA:7,1
DA:11,1
DA:12,1
DA:17,2
DA:19,1
DA:20,2
DA:25,2
DA:27,1
DA:28,2
LF:10
LH:10
end_of_record
SF:lib\presentation\bloc\tv\popular_tv_event.dart
DA:6,1
DA:7,1
LF:2
LH:2
end_of_record
SF:lib\presentation\bloc\tv\popular_tv_bloc.dart
DA:12,1
DA:14,2
DA:15,2
DA:18,1
DA:20,2
DA:21,3
DA:22,1
DA:23,4
DA:24,3
LF:9
LH:9
end_of_record
SF:lib\presentation\bloc\tv\top_rated_tv_state.dart
DA:6,1
DA:7,1
DA:11,1
DA:12,1
DA:17,2
DA:19,1
DA:20,2
DA:25,2
DA:27,1
DA:28,2
LF:10
LH:10
end_of_record
SF:lib\presentation\bloc\tv\top_rated_tv_bloc.dart
DA:12,1
DA:14,2
DA:15,2
DA:18,1
DA:20,2
DA:21,3
DA:22,1
DA:23,4
DA:24,3
LF:9
LH:9
end_of_record
SF:lib\presentation\bloc\tv\top_rated_tv_event.dart
DA:6,1
DA:7,1
LF:2
LH:2
end_of_record
SF:lib\presentation\bloc\tv\tv_detail_state.dart
DA:6,1
DA:7,1
DA:11,1
DA:12,1
DA:17,2
DA:19,1
DA:20,2
DA:26,2
DA:28,1
DA:29,3
LF:10
LH:10
end_of_record
SF:lib\presentation\bloc\tv\tv_detail_bloc.dart
DA:15,1
DA:18,2
DA:19,2
DA:22,1
DA:24,2
DA:25,4
DA:27,4
DA:28,5
DA:29,1
DA:30,2
DA:31,1
DA:32,4
DA:33,2
DA:34,1
LF:14
LH:14
end_of_record
SF:lib\presentation\bloc\tv\tv_detail_event.dart
DA:7,2
DA:9,1
DA:10,2
LF:3
LH:3
end_of_record
SF:lib\presentation\bloc\tv\watchlist_tv_state.dart
DA:6,1
DA:7,1
DA:11,1
DA:12,1
DA:17,2
DA:19,1
DA:20,2
DA:25,2
DA:27,1
DA:28,2
LF:10
LH:10
end_of_record
SF:lib\presentation\bloc\tv\watchlist_tv_bloc.dart
DA:12,1
DA:14,2
DA:15,2
DA:18,1
DA:20,2
DA:21,3
DA:22,1
DA:23,4
DA:24,2
DA:25,2
DA:26,0
LF:11
LH:10
end_of_record
SF:lib\presentation\bloc\tv\watchlist_tv_event.dart
DA:6,1
DA:7,1
LF:2
LH:2
end_of_record
SF:lib\presentation\bloc\tv\watchlist_tv_modify_state.dart
DA:6,1
DA:7,1
DA:11,1
DA:12,1
DA:17,2
DA:19,1
DA:20,2
DA:25,2
DA:27,1
DA:28,2
DA:33,2
DA:35,1
DA:36,2
LF:13
LH:13
end_of_record
SF:lib\presentation\bloc\tv\watchlist_tv_modify_event.dart
DA:7,1
DA:9,1
DA:10,2
DA:15,1
DA:17,1
DA:18,2
LF:6
LH:6
end_of_record
SF:lib\presentation\bloc\tv\watchlist_tv_modify_bloc.dart
DA:15,1
DA:18,2
DA:19,2
DA:20,2
DA:23,1
DA:24,2
DA:25,4
DA:27,1
DA:28,4
DA:29,3
DA:33,1
DA:35,2
DA:36,4
DA:38,1
DA:39,4
DA:40,3
LF:16
LH:16
end_of_record
SF:lib\presentation\bloc\tv\watchlist_tv_status_state.dart
DA:6,1
DA:7,1
DA:13,2
DA:15,1
DA:16,2
LF:5
LH:5
end_of_record
SF:lib\presentation\bloc\tv\watchlist_tv_status_event.dart
DA:7,1
DA:9,1
DA:10,2
LF:3
LH:3
end_of_record
SF:lib\presentation\bloc\tv\watchlist_tv_status_bloc.dart
DA:12,1
DA:14,2
DA:15,2
DA:18,1
DA:20,4
DA:21,2
LF:6
LH:6
end_of_record
SF:lib\presentation\pages\movies\popular_movies_page.dart
DA:7,1
DA:9,1
DA:10,1
DA:14,1
DA:16,1
DA:17,2
DA:18,2
DA:21,1
DA:23,1
DA:24,1
DA:25,1
DA:27,1
DA:29,1
DA:30,0
DA:31,0
DA:33,0
DA:34,0
DA:35,0
DA:36,0
DA:37,0
DA:39,0
LF:21
LH:13
end_of_record
SF:lib\presentation\widgets\movie_card_list.dart
DA:9,0
DA:11,0
DA:13,0
DA:15,0
DA:16,0
DA:17,0
DA:20,0
DA:23,0
DA:25,0
DA:26,0
DA:27,0
DA:33,0
DA:35,0
DA:36,0
DA:37,0
DA:40,0
DA:42,0
DA:43,0
DA:44,0
DA:52,0
DA:57,0
DA:58,0
DA:59,0
DA:61,0
DA:64,0
LF:25
LH:0
end_of_record
SF:lib\presentation\pages\movies\top_rated_movies_page.dart
DA:7,1
DA:9,1
DA:10,1
DA:14,1
DA:16,1
DA:17,4
DA:18,0
DA:21,1
DA:23,1
DA:24,1
DA:25,1
DA:27,1
DA:29,1
DA:30,0
DA:31,0
DA:35,0
DA:36,0
DA:37,0
DA:38,0
DA:39,0
DA:41,0
LF:21
LH:12
end_of_record
SF:lib\presentation\pages\movies\watchlist_movies_page.dart
DA:7,1
DA:9,1
DA:10,1
DA:14,1
DA:16,1
DA:17,1
DA:19,1
DA:20,0
DA:21,0
DA:25,0
DA:26,0
DA:27,0
DA:28,0
DA:29,0
DA:31,0
DA:33,0
DA:36,0
DA:37,0
DA:38,0
LF:19
LH:7
end_of_record
SF:lib\presentation\pages\tv\popular_tvs_page.dart
DA:7,1
DA:9,1
DA:10,1
DA:14,1
DA:16,1
DA:17,1
DA:18,3
DA:21,1
DA:23,1
DA:24,1
DA:27,1
DA:29,1
DA:30,0
DA:31,0
DA:35,0
DA:36,0
DA:37,0
DA:38,0
DA:39,0
DA:41,0
LF:20
LH:12
end_of_record
SF:lib\presentation\widgets\tv_card_list.dart
DA:9,0
DA:11,0
DA:13,0
DA:15,0
DA:16,0
DA:17,0
DA:20,0
DA:23,0
DA:25,0
DA:26,0
DA:27,0
DA:33,0
DA:35,0
DA:36,0
DA:37,0
DA:40,0
DA:42,0
DA:43,0
DA:44,0
DA:52,0
DA:57,0
DA:58,0
DA:59,0
DA:61,0
DA:64,0
LF:25
LH:0
end_of_record
SF:lib\presentation\pages\tv\top_rated_tvs_page.dart
DA:7,1
DA:9,1
DA:10,1
DA:14,1
DA:16,1
DA:17,1
DA:18,3
DA:21,1
DA:23,1
DA:24,1
DA:25,1
DA:27,1
DA:29,1
DA:30,0
DA:31,0
DA:35,0
DA:36,0
DA:37,0
DA:38,0
DA:39,0
DA:41,0
LF:21
LH:13
end_of_record
SF:lib\presentation\pages\tv\tv_detail_page.dart
DA:16,1
DA:18,1
DA:19,1
DA:23,1
DA:25,1
DA:26,2
DA:27,6
DA:28,2
DA:29,0
DA:33,1
DA:35,1
DA:36,0
DA:37,0
DA:38,0
DA:39,0
DA:40,0
DA:41,0
DA:42,0
DA:43,0
DA:44,0
DA:45,0
DA:46,0
DA:47,0
DA:48,0
DA:50,0
DA:51,0
DA:56,1
DA:57,1
DA:58,1
DA:59,1
DA:60,0
DA:61,0
DA:62,0
DA:63,0
DA:64,0
DA:65,0
DA:66,0
DA:84,0
DA:86,0
DA:88,0
DA:89,0
DA:90,0
DA:91,0
DA:92,0
DA:94,0
DA:97,0
DA:99,0
DA:101,0
DA:102,0
DA:103,0
DA:113,0
DA:114,0
DA:115,0
DA:117,0
DA:119,0
DA:121,0
DA:122,0
DA:123,0
DA:124,0
DA:126,0
DA:127,0
DA:128,0
DA:130,0
DA:131,0
DA:133,0
DA:134,0
DA:137,0
DA:138,0
DA:140,0
DA:141,0
DA:144,0
DA:146,0
DA:147,0
DA:154,0
DA:155,0
DA:157,0
DA:158,0
DA:159,0
DA:160,0
DA:162,0
DA:168,0
DA:171,0
DA:172,0
DA:174,0
DA:176,0
DA:177,0
DA:179,0
DA:180,0
DA:181,0
DA:183,0
DA:185,0
DA:186,0
DA:188,0
DA:190,0
DA:191,0
DA:192,0
DA:194,0
DA:195,0
DA:196,0
DA:199,0
DA:202,0
DA:206,0
DA:207,0
DA:208,0
DA:209,0
DA:213,0
DA:214,0
DA:220,0
DA:227,0
DA:229,0
DA:244,0
DA:246,0
DA:249,0
DA:250,0
DA:251,0
DA:252,0
DA:261,0
DA:263,0
DA:264,0
DA:267,0
DA:271,0
LF:121
LH:14
end_of_record
SF:lib\presentation\pages\tv\watchlist_tvs_page.dart
DA:7,1
DA:9,1
DA:10,1
DA:14,1
DA:16,1
DA:17,1
DA:19,1
DA:20,0
DA:21,0
DA:25,0
DA:26,0
DA:27,0
DA:28,0
DA:29,0
DA:31,0
DA:33,0
DA:36,0
DA:38,0
LF:18
LH:7
end_of_record
