SF:lib\domain\search_domain.dart
DA:11,1
DA:13,1
DA:14,2
DA:21,1
DA:23,1
DA:24,2
LF:6
LH:6
end_of_record
SF:lib\presentation\bloc\movies\search_event.dart
DA:8,2
DA:10,0
DA:11,0
LF:3
LH:1
end_of_record
SF:lib\presentation\bloc\movies\search_state.dart
DA:6,1
DA:7,1
DA:11,1
DA:12,1
DA:18,2
DA:20,1
DA:21,2
DA:27,2
DA:29,1
DA:30,2
LF:10
LH:10
end_of_record
SF:lib\presentation\bloc\movies\search_bloc.dart
DA:14,3
DA:15,2
DA:16,1
DA:18,2
DA:19,3
DA:21,2
DA:22,3
DA:23,1
DA:24,2
DA:26,1
DA:29,1
DA:31,3
LF:12
LH:12
end_of_record
SF:lib\presentation\bloc\tv\search_bloc.dart
DA:14,3
DA:15,2
DA:16,1
DA:18,2
DA:19,3
DA:21,2
DA:22,3
DA:23,1
DA:24,2
DA:26,1
DA:29,1
DA:31,3
LF:12
LH:12
end_of_record
SF:lib\presentation\bloc\tv\search_event.dart
DA:8,2
DA:10,0
DA:11,0
LF:3
LH:1
end_of_record
SF:lib\presentation\bloc\tv\search_state.dart
DA:6,1
DA:7,1
DA:11,1
DA:12,1
DA:18,2
DA:20,1
DA:21,2
DA:27,2
DA:29,1
DA:30,2
LF:10
LH:10
end_of_record
SF:lib\presentation\pages\search_page.dart
DA:11,1
DA:13,1
DA:15,1
DA:16,1
DA:19,1
DA:21,1
DA:23,1
DA:24,1
DA:26,1
DA:28,1
DA:29,2
DA:30,3
DA:39,1
DA:40,1
DA:42,1
DA:44,1
DA:45,1
DA:46,1
DA:47,1
DA:48,1
DA:49,1
DA:55,1
DA:56,1
DA:57,1
DA:58,1
DA:59,1
DA:61,1
DA:62,1
DA:63,1
DA:65,3
DA:66,2
DA:67,2
DA:68,1
LF:33
LH:33
end_of_record
